<?xml version="1.0" encoding="UTF-8"?>
<!-- Generated by org.testng.reporters.JUnitXMLReporter -->
<testsuite ignored="0" hostname="LAPTOP-177JRGI0" failures="0" tests="6" name="Surefire test" time="0.133" errors="0" timestamp="2022-08-17T12:45:50 IST">
  <testcase classname="maven.demo.AppiumTest" name="iosAppAndroid" time="0.012"/>
  <testcase classname="maven.demo.AppiumTest" name="nativeApp" time="0.001"/>
  <testcase classname="maven.demo.RestAPITest" name="deleteTwitter" time="0.001"/>
  <testcase classname="maven.demo.RestAPITest" name="postJira" time="0.001"/>
  <testcase classname="maven.demo.SeleniumTest" name="browserAutomation" time="0.001"/>
  <testcase classname="maven.demo.SeleniumTest" name="elementsUi" time="0.002"/>
</testsuite> <!-- Surefire test -->
