<?xml version="1.0" encoding="UTF-8"?>
<!-- Generated by org.testng.reporters.JUnitXMLReporter -->
<testsuite ignored="0" hostname="LAPTOP-177JRGI0" failures="0" tests="6" name="Command line test" time="0.151" errors="0" timestamp="2022-08-24T11:41:43 IST">
  <testcase classname="maven.demo.AppiumTest" name="iosAppAndroid" time="0.013"/>
  <testcase classname="maven.demo.AppiumTest" name="nativeApp" time="0.001"/>
  <testcase classname="maven.demo.RestAPITest" name="deleteTwitter" time="0.0"/>
  <testcase classname="maven.demo.RestAPITest" name="postJira" time="0.001"/>
  <testcase classname="maven.demo.SeleniumTest" name="browserAutomation" time="0.0"/>
  <testcase classname="maven.demo.SeleniumTest" name="elementsUi" time="0.0"/>
</testsuite> <!-- Command line test -->
