<?xml version="1.0" encoding="UTF-8"?>
<testng-results ignored="0" total="6" passed="6" failed="0" skipped="0">
  <reporter-output>
  </reporter-output>
  <suite started-at="2022-08-24T11:41:43 IST" name="Command line suite" finished-at="2022-08-24T11:41:43 IST" duration-ms="151">
    <groups>
    </groups>
    <test started-at="2022-08-24T11:41:43 IST" name="Command line test" finished-at="2022-08-24T11:41:43 IST" duration-ms="151">
      <class name="maven.demo.RestAPITest">
        <test-method signature="deleteTwitter()[pri:0, instance:maven.demo.RestAPITest@707194ba]" started-at="2022-08-24T11:41:43 IST" name="deleteTwitter" finished-at="2022-08-24T11:41:43 IST" duration-ms="0" status="PASS">
          <reporter-output>
          </reporter-output>
        </test-method> <!-- deleteTwitter -->
        <test-method signature="postJira()[pri:0, instance:maven.demo.RestAPITest@707194ba]" started-at="2022-08-24T11:41:43 IST" name="postJira" finished-at="2022-08-24T11:41:43 IST" duration-ms="1" status="PASS">
          <reporter-output>
          </reporter-output>
        </test-method> <!-- postJira -->
      </class> <!-- maven.demo.RestAPITest -->
      <class name="maven.demo.AppiumTest">
        <test-method signature="iosAppAndroid()[pri:0, instance:maven.demo.AppiumTest@c0c2f8d]" started-at="2022-08-24T11:41:43 IST" name="iosAppAndroid" finished-at="2022-08-24T11:41:43 IST" duration-ms="13" status="PASS">
          <reporter-output>
          </reporter-output>
        </test-method> <!-- iosAppAndroid -->
        <test-method signature="nativeApp()[pri:0, instance:maven.demo.AppiumTest@c0c2f8d]" started-at="2022-08-24T11:41:43 IST" name="nativeApp" finished-at="2022-08-24T11:41:43 IST" duration-ms="1" status="PASS">
          <reporter-output>
          </reporter-output>
        </test-method> <!-- nativeApp -->
      </class> <!-- maven.demo.AppiumTest -->
      <class name="maven.demo.SeleniumTest">
        <test-method signature="browserAutomation()[pri:0, instance:maven.demo.SeleniumTest@1190200a]" started-at="2022-08-24T11:41:43 IST" name="browserAutomation" finished-at="2022-08-24T11:41:43 IST" duration-ms="0" status="PASS">
          <reporter-output>
          </reporter-output>
        </test-method> <!-- browserAutomation -->
        <test-method signature="elementsUi()[pri:0, instance:maven.demo.SeleniumTest@1190200a]" started-at="2022-08-24T11:41:43 IST" name="elementsUi" finished-at="2022-08-24T11:41:43 IST" duration-ms="0" status="PASS">
          <reporter-output>
          </reporter-output>
        </test-method> <!-- elementsUi -->
      </class> <!-- maven.demo.SeleniumTest -->
    </test> <!-- Command line test -->
  </suite> <!-- Command line suite -->
</testng-results>
